[debug] [2026-04-24T19:24:04.256Z] ----------------------------------------------------------------------
[debug] [2026-04-24T19:24:04.260Z] Command:       C:\Program Files\nodejs\node.exe C:\Users\prana\AppData\Roaming\npm\node_modules\firebase-tools\lib\bin\firebase.js apps:list --project adyaanant-494318
[debug] [2026-04-24T19:24:04.260Z] CLI Version:   15.15.0
[debug] [2026-04-24T19:24:04.260Z] Platform:      win32
[debug] [2026-04-24T19:24:04.261Z] Node Version:  v25.9.0
[debug] [2026-04-24T19:24:04.261Z] Time:          Sat Apr 25 2026 00:54:04 GMT+0530 (India Standard Time)
[debug] [2026-04-24T19:24:04.261Z] ----------------------------------------------------------------------
[debug] 
[debug] [2026-04-24T19:24:04.548Z] > command requires scopes: ["email","openid","https://www.googleapis.com/auth/cloudplatformprojects.readonly","https://www.googleapis.com/auth/firebase","https://www.googleapis.com/auth/cloud-platform"]
[debug] [2026-04-24T19:24:04.549Z] > authorizing via signed-in user (adyaanant.official@gmail.com)
[debug] [2026-04-24T19:24:04.558Z] Checked if tokens are valid: true, expires at: 1777060172446
[debug] [2026-04-24T19:24:04.558Z] Checked if tokens are valid: true, expires at: 1777060172446
[debug] [2026-04-24T19:24:04.559Z] >>> [apiv2][query] GET https://firebase.googleapis.com/v1beta1/projects/adyaanant-494318:searchApps pageSize=100
[debug] [2026-04-24T19:24:05.409Z] <<< [apiv2][status] GET https://firebase.googleapis.com/v1beta1/projects/adyaanant-494318:searchApps 404
[debug] [2026-04-24T19:24:05.410Z] <<< [apiv2][body] GET https://firebase.googleapis.com/v1beta1/projects/adyaanant-494318:searchApps {"error":{"code":404,"message":"Firebase project 282262544985 not found.","status":"NOT_FOUND"}}
[debug] [2026-04-24T19:24:05.411Z] Request to https://firebase.googleapis.com/v1beta1/projects/adyaanant-494318:searchApps?pageSize=100 had HTTP Error: 404, Firebase project 282262544985 not found.
[debug] [2026-04-24T19:24:05.864Z] FirebaseError: Request to https://firebase.googleapis.com/v1beta1/projects/adyaanant-494318:searchApps?pageSize=100 had HTTP Error: 404, Firebase project 282262544985 not found.
    at responseToError (C:\Users\prana\AppData\Roaming\npm\node_modules\firebase-tools\lib\responseToError.js:53:12)
    at RetryOperation._fn (C:\Users\prana\AppData\Roaming\npm\node_modules\firebase-tools\lib\apiv2.js:333:77)
    at process.processTicksAndRejections (node:internal/process/task_queues:104:5)
[error] 
[error] Error: Failed to list Firebase apps. See firebase-debug.log for more info.
[debug] [2026-04-24T19:24:21.633Z] ----------------------------------------------------------------------
[debug] [2026-04-24T19:24:21.636Z] Command:       C:\Program Files\nodejs\node.exe C:\Users\prana\AppData\Roaming\npm\node_modules\firebase-tools\lib\bin\firebase.js deploy --only hosting:adyaanant-494318 --project adyaanant-494318
[debug] [2026-04-24T19:24:21.637Z] CLI Version:   15.15.0
[debug] [2026-04-24T19:24:21.637Z] Platform:      win32
[debug] [2026-04-24T19:24:21.637Z] Node Version:  v25.9.0
[debug] [2026-04-24T19:24:21.637Z] Time:          Sat Apr 25 2026 00:54:21 GMT+0530 (India Standard Time)
[debug] [2026-04-24T19:24:21.637Z] ----------------------------------------------------------------------
[debug] 
[debug] [2026-04-24T19:24:24.800Z] > command requires scopes: ["email","openid","https://www.googleapis.com/auth/cloudplatformprojects.readonly","https://www.googleapis.com/auth/firebase","https://www.googleapis.com/auth/cloud-platform"]
[debug] [2026-04-24T19:24:24.800Z] > authorizing via signed-in user (adyaanant.official@gmail.com)
[debug] [2026-04-24T19:24:24.801Z] [iam] checking project adyaanant-494318 for permissions ["firebase.projects.get","firebasehosting.sites.update"]
[debug] [2026-04-24T19:24:24.802Z] Checked if tokens are valid: true, expires at: 1777060172446
[debug] [2026-04-24T19:24:24.802Z] Checked if tokens are valid: true, expires at: 1777060172446
[debug] [2026-04-24T19:24:24.803Z] >>> [apiv2][query] POST https://cloudresourcemanager.googleapis.com/v1/projects/adyaanant-494318:testIamPermissions [none]
[debug] [2026-04-24T19:24:24.803Z] >>> [apiv2][(partial)header] POST https://cloudresourcemanager.googleapis.com/v1/projects/adyaanant-494318:testIamPermissions  x-goog-user-project=adyaanant-494318
[debug] [2026-04-24T19:24:24.803Z] >>> [apiv2][body] POST https://cloudresourcemanager.googleapis.com/v1/projects/adyaanant-494318:testIamPermissions {"permissions":["firebase.projects.get","firebasehosting.sites.update"]}
[debug] [2026-04-24T19:24:26.708Z] <<< [apiv2][status] POST https://cloudresourcemanager.googleapis.com/v1/projects/adyaanant-494318:testIamPermissions 200
[debug] [2026-04-24T19:24:26.709Z] <<< [apiv2][body] POST https://cloudresourcemanager.googleapis.com/v1/projects/adyaanant-494318:testIamPermissions {"permissions":["firebase.projects.get","firebasehosting.sites.update"]}
[debug] [2026-04-24T19:24:26.709Z] Checked if tokens are valid: true, expires at: 1777060172446
[debug] [2026-04-24T19:24:26.709Z] Checked if tokens are valid: true, expires at: 1777060172446
[debug] [2026-04-24T19:24:26.710Z] >>> [apiv2][query] GET https://firebase.googleapis.com/v1beta1/projects/adyaanant-494318 [none]
[debug] [2026-04-24T19:24:27.924Z] <<< [apiv2][status] GET https://firebase.googleapis.com/v1beta1/projects/adyaanant-494318 404
[debug] [2026-04-24T19:24:27.924Z] <<< [apiv2][body] GET https://firebase.googleapis.com/v1beta1/projects/adyaanant-494318 {"error":{"code":404,"message":"Requested entity was not found.","status":"NOT_FOUND"}}
[debug] [2026-04-24T19:24:27.925Z] Couldn't get project info from firedata for adyaanant-494318, trying resource manager. Original error: FirebaseError: Request to https://firebase.googleapis.com/v1beta1/projects/adyaanant-494318 had HTTP Error: 404, Requested entity was not found.
[debug] [2026-04-24T19:24:27.926Z] Checked if tokens are valid: true, expires at: 1777060172446
[debug] [2026-04-24T19:24:27.926Z] Checked if tokens are valid: true, expires at: 1777060172446
[debug] [2026-04-24T19:24:27.926Z] >>> [apiv2][query] GET https://cloudresourcemanager.googleapis.com/v1/projects/adyaanant-494318 [none]
[debug] [2026-04-24T19:24:28.337Z] <<< [apiv2][status] GET https://cloudresourcemanager.googleapis.com/v1/projects/adyaanant-494318 200
[debug] [2026-04-24T19:24:28.338Z] <<< [apiv2][body] GET https://cloudresourcemanager.googleapis.com/v1/projects/adyaanant-494318 {"projectNumber":"282262544985","projectId":"adyaanant-494318","lifecycleState":"ACTIVE","name":"ADYAANANT","createTime":"2026-04-24T19:00:11.846Z"}
[debug] [2026-04-24T19:24:28.338Z] the default site does not exist on the Firebase project; asking Hosting.
[debug] [2026-04-24T19:24:28.338Z] Checked if tokens are valid: true, expires at: 1777060172446
[debug] [2026-04-24T19:24:28.338Z] Checked if tokens are valid: true, expires at: 1777060172446
[debug] [2026-04-24T19:24:28.339Z] >>> [apiv2][query] GET https://firebasehosting.googleapis.com/v1beta1/projects/adyaanant-494318/sites pageToken=&pageSize=10
[debug] [2026-04-24T19:24:29.635Z] <<< [apiv2][status] GET https://firebasehosting.googleapis.com/v1beta1/projects/adyaanant-494318/sites 200
[debug] [2026-04-24T19:24:29.635Z] <<< [apiv2][body] GET https://firebasehosting.googleapis.com/v1beta1/projects/adyaanant-494318/sites {}
[info] i  No Hosting site detected. 
[debug] [2026-04-24T19:24:29.637Z] Checked if tokens are valid: true, expires at: 1777060172446
[debug] [2026-04-24T19:24:29.637Z] Checked if tokens are valid: true, expires at: 1777060172446
[debug] [2026-04-24T19:24:29.637Z] >>> [apiv2][query] GET https://cloudresourcemanager.googleapis.com/v1/projects/adyaanant-494318 [none]
[debug] [2026-04-24T19:24:30.012Z] <<< [apiv2][status] GET https://cloudresourcemanager.googleapis.com/v1/projects/adyaanant-494318 200
[debug] [2026-04-24T19:24:30.012Z] <<< [apiv2][body] GET https://cloudresourcemanager.googleapis.com/v1/projects/adyaanant-494318 {"projectNumber":"282262544985","projectId":"adyaanant-494318","lifecycleState":"ACTIVE","name":"ADYAANANT","createTime":"2026-04-24T19:00:11.846Z"}
[debug] [2026-04-24T19:24:30.013Z] Checked if tokens are valid: true, expires at: 1777060172446
[debug] [2026-04-24T19:24:30.013Z] Checked if tokens are valid: true, expires at: 1777060172446
[debug] [2026-04-24T19:24:30.013Z] >>> [apiv2][query] POST https://firebasehosting.googleapis.com/v1beta1/projects/282262544985/sites siteId=adyaanant-494318&validateOnly=true
[debug] [2026-04-24T19:24:30.013Z] >>> [apiv2][body] POST https://firebasehosting.googleapis.com/v1beta1/projects/282262544985/sites {"appId":""}
[debug] [2026-04-24T19:24:31.073Z] <<< [apiv2][status] POST https://firebasehosting.googleapis.com/v1beta1/projects/282262544985/sites 200
[debug] [2026-04-24T19:24:31.073Z] <<< [apiv2][body] POST https://firebasehosting.googleapis.com/v1beta1/projects/282262544985/sites {"name":"projects/282262544985/sites/adyaanant-494318","defaultUrl":"https://adyaanant-494318.web.app","type":"DEFAULT_SITE"}
[debug] [2026-04-24T19:36:08.690Z] Checked if tokens are valid: false, expires at: 1777060172446
[debug] [2026-04-24T19:36:08.697Z] Checked if tokens are valid: false, expires at: 1777060172446
[debug] [2026-04-24T19:36:08.698Z] > refreshing access token with scopes: []
[debug] [2026-04-24T19:36:08.710Z] >>> [apiv2][query] POST https://www.googleapis.com/oauth2/v3/token [none]
[debug] [2026-04-24T19:36:08.710Z] >>> [apiv2][body] POST https://www.googleapis.com/oauth2/v3/token [omitted]
[debug] [2026-04-24T19:36:09.903Z] <<< [apiv2][status] POST https://www.googleapis.com/oauth2/v3/token 200
[debug] [2026-04-24T19:36:09.903Z] <<< [apiv2][body] POST https://www.googleapis.com/oauth2/v3/token [omitted]
[debug] [2026-04-24T19:36:09.917Z] >>> [apiv2][query] POST https://firebasehosting.googleapis.com/v1beta1/projects/282262544985/sites siteId=cmd.exe+%2Fc+%22set+PATH%3DC%3A%5CProgram+Files%5Cnodejs%3BC%3A%5CUsers%5Cprana%5CAppData%5CRoaming%5Cnpm%3B%25PATH%25%26%26+firebase+projects%3Acreate+adyaanant-website+--display-name+ADYAANANT-Website%22&validateOnly=true
[debug] [2026-04-24T19:36:09.917Z] >>> [apiv2][body] POST https://firebasehosting.googleapis.com/v1beta1/projects/282262544985/sites {"appId":""}
[debug] [2026-04-24T19:36:11.711Z] <<< [apiv2][status] POST https://firebasehosting.googleapis.com/v1beta1/projects/282262544985/sites 400
[debug] [2026-04-24T19:36:11.711Z] <<< [apiv2][body] POST https://firebasehosting.googleapis.com/v1beta1/projects/282262544985/sites {"error":{"code":400,"message":"Site name `projects/282262544985/sites/cmd.exe /c \"set PATH=C:\\Program Files\\nodejs;C:\\Users\\prana\\AppData\\Roaming\\npm;%PATH%&& firebase projects:create adyaanant-website --display-name ADYAANANT-Website\"` is invalid, must be of form `projects/*/sites/*` or `sites/*`.","status":"INVALID_ARGUMENT"}}
[warn] !  Request to https://firebasehosting.googleapis.com/v1beta1/projects/282262544985/sites?siteId=cmd.exe+%2Fc+%22set+PATH%3DC%3A%5CProgram+Files%5Cnodejs%3BC%3A%5CUsers%5Cprana%5CAppData%5CRoaming%5Cnpm%3B%25PATH%25%26%26+firebase+projects%3Acreate+adyaanant-website+--display-name+ADYAANANT-Website%22&validateOnly=true had HTTP Error: 400, Site name `projects/282262544985/sites/cmd.exe /c "set PATH=C:\Program Files\nodejs;C:\Users\prana\AppData\Roaming\npm;%PATH%&& firebase projects:create adyaanant-website --display-name ADYAANANT-Website"` is invalid, must be of form `projects/*/sites/*` or `sites/*`. 
[debug] [2026-04-24T19:36:34.661Z] ----------------------------------------------------------------------
[debug] [2026-04-24T19:36:34.668Z] Command:       C:\Program Files\nodejs\node.exe C:\Users\prana\AppData\Roaming\npm\node_modules\firebase-tools\lib\bin\firebase.js projects:create adyaanant-website --display-name ADYAANANT-Website
[debug] [2026-04-24T19:36:34.669Z] CLI Version:   15.15.0
[debug] [2026-04-24T19:36:34.669Z] Platform:      win32
[debug] [2026-04-24T19:36:34.669Z] Node Version:  v25.9.0
[debug] [2026-04-24T19:36:34.669Z] Time:          Sat Apr 25 2026 01:06:34 GMT+0530 (India Standard Time)
[debug] [2026-04-24T19:36:34.669Z] ----------------------------------------------------------------------
[debug] 
[debug] [2026-04-24T19:36:34.881Z] > command requires scopes: ["email","openid","https://www.googleapis.com/auth/cloudplatformprojects.readonly","https://www.googleapis.com/auth/firebase","https://www.googleapis.com/auth/cloud-platform"]
[debug] [2026-04-24T19:36:34.882Z] > authorizing via signed-in user (adyaanant.official@gmail.com)
[debug] [2026-04-24T19:36:34.886Z] Checked if tokens are valid: true, expires at: 1777062968904
[debug] [2026-04-24T19:36:34.886Z] Checked if tokens are valid: true, expires at: 1777062968904
[debug] [2026-04-24T19:36:34.888Z] >>> [apiv2][query] POST https://cloudresourcemanager.googleapis.com/v1/projects [none]
[debug] [2026-04-24T19:36:34.888Z] >>> [apiv2][body] POST https://cloudresourcemanager.googleapis.com/v1/projects {"projectId":"adyaanant-website","name":"ADYAANANT-Website"}
[debug] [2026-04-24T19:36:35.662Z] <<< [apiv2][status] POST https://cloudresourcemanager.googleapis.com/v1/projects 200
[debug] [2026-04-24T19:36:35.663Z] <<< [apiv2][body] POST https://cloudresourcemanager.googleapis.com/v1/projects {"name":"operations/create_project.global.7594584246900437431"}
[debug] [2026-04-24T19:36:35.663Z] Checked if tokens are valid: true, expires at: 1777062968904
[debug] [2026-04-24T19:36:35.664Z] Checked if tokens are valid: true, expires at: 1777062968904
[debug] [2026-04-24T19:36:35.664Z] >>> [apiv2][query] GET https://cloudresourcemanager.googleapis.com/v1/operations/create_project.global.7594584246900437431 [none]
[debug] [2026-04-24T19:36:36.988Z] <<< [apiv2][status] GET https://cloudresourcemanager.googleapis.com/v1/operations/create_project.global.7594584246900437431 200
[debug] [2026-04-24T19:36:36.988Z] <<< [apiv2][body] GET https://cloudresourcemanager.googleapis.com/v1/operations/create_project.global.7594584246900437431 {"name":"operations/create_project.global.7594584246900437431"}
[debug] [2026-04-24T19:36:37.493Z] [Project Creation Poller] Retrying task index 0
[debug] [2026-04-24T19:36:37.493Z] Checked if tokens are valid: true, expires at: 1777062968904
[debug] [2026-04-24T19:36:37.493Z] Checked if tokens are valid: true, expires at: 1777062968904
[debug] [2026-04-24T19:36:37.493Z] >>> [apiv2][query] GET https://cloudresourcemanager.googleapis.com/v1/operations/create_project.global.7594584246900437431 [none]
[debug] [2026-04-24T19:36:37.837Z] <<< [apiv2][status] GET https://cloudresourcemanager.googleapis.com/v1/operations/create_project.global.7594584246900437431 200
[debug] [2026-04-24T19:36:37.837Z] <<< [apiv2][body] GET https://cloudresourcemanager.googleapis.com/v1/operations/create_project.global.7594584246900437431 {"name":"operations/create_project.global.7594584246900437431","metadata":{"@type":"type.googleapis.com/google.cloudresourcemanager.v1.ProjectCreationStatus","gettable":true,"ready":true},"done":true,"response":{"@type":"type.googleapis.com/google.cloudresourcemanager.v1.Project","projectNumber":"1058758109910","projectId":"adyaanant-website","lifecycleState":"ACTIVE","name":"ADYAANANT-Website","createTime":"2026-04-24T19:36:37.440Z"}}
[debug] [2026-04-24T19:36:37.838Z] Checked if tokens are valid: true, expires at: 1777062968904
[debug] [2026-04-24T19:36:37.838Z] Checked if tokens are valid: true, expires at: 1777062968904
[debug] [2026-04-24T19:36:37.839Z] >>> [apiv2][query] POST https://firebase.googleapis.com/v1beta1/projects/adyaanant-website:addFirebase [none]
[debug] [2026-04-24T19:36:40.825Z] <<< [apiv2][status] POST https://firebase.googleapis.com/v1beta1/projects/adyaanant-website:addFirebase 403
[debug] [2026-04-24T19:36:40.825Z] <<< [apiv2][body] POST https://firebase.googleapis.com/v1beta1/projects/adyaanant-website:addFirebase {"error":{"code":403,"message":"The caller does not have permission","status":"PERMISSION_DENIED"}}
[debug] [2026-04-24T19:36:40.826Z] Request to https://firebase.googleapis.com/v1beta1/projects/adyaanant-website:addFirebase had HTTP Error: 403, The caller does not have permission
[debug] [2026-04-24T19:36:42.265Z] FirebaseError: Request to https://firebase.googleapis.com/v1beta1/projects/adyaanant-website:addFirebase had HTTP Error: 403, The caller does not have permission
    at responseToError (C:\Users\prana\AppData\Roaming\npm\node_modules\firebase-tools\lib\responseToError.js:53:12)
    at RetryOperation._fn (C:\Users\prana\AppData\Roaming\npm\node_modules\firebase-tools\lib\apiv2.js:333:77)
    at process.processTicksAndRejections (node:internal/process/task_queues:104:5)
[error] 
[error] Error: Failed to add Firebase to Google Cloud Platform project. See firebase-debug.log for more info.
